This is pdfTeX, Version 3.14159265-2.6-1.40.19 (MiKTeX 2.9.6930) (preloaded format=pdflatex 2019.3.20)  8 OCT 2020 22:14
entering extended mode
**./Git.tex
(Git.tex
LaTeX2e <2018-12-01>

(C:\Users\Utilisateur\Documents\latek_portable\jj_LaTeX_portable\latex_portable
\miktex\texmfs\install\tex/latex/koma-script\scrreprt.cls
Document Class: scrreprt 2019/02/01 v3.26b KOMA-Script document class (report)

(C:\Users\Utilisateur\Documents\latek_portable\jj_LaTeX_portable\latex_portable
\miktex\texmfs\install\tex/latex/koma-script\scrkbase.sty
Package: scrkbase 2019/02/01 v3.26b KOMA-Script package (KOMA-Script-dependent 
basics and keyval usage)

(C:\Users\Utilisateur\Documents\latek_portable\jj_LaTeX_portable\latex_portable
\miktex\texmfs\install\tex/latex/koma-script\scrbase.sty
Package: scrbase 2019/02/01 v3.26b KOMA-Script package (KOMA-Script-independent
 basics and keyval usage)

(C:\Users\Utilisateur\Documents\latek_portable\jj_LaTeX_portable\latex_portable
\miktex\texmfs\install\tex/latex/graphics\keyval.sty
Package: keyval 2014/10/28 v1.15 key=value parser (DPC)
\KV@toks@=\toks14
)
(C:\Users\Utilisateur\Documents\latek_portable\jj_LaTeX_portable\latex_portable
\miktex\texmfs\install\tex/latex/koma-script\scrlfile.sty
Package: scrlfile 2019/02/01 v3.26b KOMA-Script package (loading files)
)))
(C:\Users\Utilisateur\Documents\latek_portable\jj_LaTeX_portable\latex_portable
\miktex\texmfs\install\tex/latex/koma-script\tocbasic.sty
Package: tocbasic 2019/02/01 v3.26b KOMA-Script package (handling toc-files)
\scr@dte@tocline@numberwidth=\skip41
\scr@dte@tocline@numbox=\box27
)
Package tocbasic Info: omitting babel extension for `toc'
(tocbasic)             because of feature `nobabel' available
(tocbasic)             for `toc' on input line 136.
Package scrreprt Info: You've used standard option `11pt'.
(scrreprt)             This is correct!
(scrreprt)             Internally I'm using `fontsize=11pt'.
(scrreprt)             If you'd like to set the option with \KOMAoptions,
(scrreprt)             you'd have to use `fontsize=11pt' there
(scrreprt)             instead of `11pt', too.
Class scrreprt Info: File `scrsize11pt.clo' used to setup font sizes on input l
ine 2373.

(C:\Users\Utilisateur\Documents\latek_portable\jj_LaTeX_portable\latex_portable
\miktex\texmfs\install\tex/latex/koma-script\scrsize11pt.clo
File: scrsize11pt.clo 2019/02/01 v3.26b KOMA-Script font size class option (11p
t)
)
(C:\Users\Utilisateur\Documents\latek_portable\jj_LaTeX_portable\latex_portable
\miktex\texmfs\install\tex/latex/koma-script\typearea.sty
Package: typearea 2019/02/01 v3.26b KOMA-Script package (type area)
\ta@bcor=\skip42
\ta@div=\count80
\ta@hblk=\skip43
\ta@vblk=\skip44
\ta@temp=\skip45
\footheight=\skip46
Package typearea Info: These are the values describing the layout:
(typearea)             DIV  = 12
(typearea)             BCOR = 0.0pt
(typearea)             \paperwidth      = 597.50793pt
(typearea)              \textwidth      = 448.13095pt
(typearea)              DIV departure   = -14%
(typearea)              \evensidemargin = 27.31467pt
(typearea)              \oddsidemargin  = -22.47766pt
(typearea)             \paperheight     = 845.04694pt
(typearea)              \textheight     = 636.60028pt
(typearea)              \topmargin      = -39.24942pt
(typearea)              \headheight     = 17.0pt
(typearea)              \headsep        = 20.40001pt
(typearea)              \topskip        = 11.0pt
(typearea)              \footskip       = 47.6pt
(typearea)              \baselineskip   = 13.6pt
(typearea)              on input line 1715.
)
\c@part=\count81
\c@chapter=\count82
\c@section=\count83
\c@subsection=\count84
\c@subsubsection=\count85
\c@paragraph=\count86
\c@subparagraph=\count87
\scr@dte@chapter@maxnumwidth=\skip47
Class scrreprt Info: using compatibility default `afterindent=bysign'
(scrreprt)           for `\chapter on input line 5305.
\scr@dte@section@maxnumwidth=\skip48
Class scrreprt Info: using compatibility default `runin=bysign'
(scrreprt)           for `\section on input line 5315.
Class scrreprt Info: using compatibility default `afterindent=bysign'
(scrreprt)           for `\section on input line 5315.
\scr@dte@part@maxnumwidth=\skip49
Class scrreprt Info: using compatibility default `afterindent=true'
(scrreprt)           for `\part on input line 5324.
\scr@dte@subsection@maxnumwidth=\skip50
Class scrreprt Info: using compatibility default `runin=bysign'
(scrreprt)           for `\subsection on input line 5334.
Class scrreprt Info: using compatibility default `afterindent=bysign'
(scrreprt)           for `\subsection on input line 5334.
\scr@dte@subsubsection@maxnumwidth=\skip51
Class scrreprt Info: using compatibility default `runin=bysign'
(scrreprt)           for `\subsubsection on input line 5344.
Class scrreprt Info: using compatibility default `afterindent=bysign'
(scrreprt)           for `\subsubsection on input line 5344.
\scr@dte@paragraph@maxnumwidth=\skip52
Class scrreprt Info: using compatibility default `runin=bysign'
(scrreprt)           for `\paragraph on input line 5354.
Class scrreprt Info: using compatibility default `afterindent=bysign'
(scrreprt)           for `\paragraph on input line 5354.
\scr@dte@subparagraph@maxnumwidth=\skip53
Class scrreprt Info: using compatibility default `runin=bysign'
(scrreprt)           for `\subparagraph on input line 5364.
Class scrreprt Info: using compatibility default `afterindent=bysign'
(scrreprt)           for `\subparagraph on input line 5364.
\abovecaptionskip=\skip54
\belowcaptionskip=\skip55
\c@pti@nb@sid@b@x=\box28
Package tocbasic Info: omitting babel extension for `lof'
(tocbasic)             because of feature `nobabel' available
(tocbasic)             for `lof' on input line 6613.
\scr@dte@figure@maxnumwidth=\skip56
\c@figure=\count88
Package tocbasic Info: omitting babel extension for `lot'
(tocbasic)             because of feature `nobabel' available
(tocbasic)             for `lot' on input line 6630.
\scr@dte@table@maxnumwidth=\skip57
\c@table=\count89
Class scrreprt Info: Redefining `\numberline' on input line 6799.
\bibindent=\dimen102
)
(C:\Users\Utilisateur\Documents\latek_portable\jj_LaTeX_portable\latex_portable
\miktex\texmfs\install\tex/latex/base\inputenc.sty
Package: inputenc 2018/08/11 v1.3c Input encoding file
\inpenc@prehook=\toks15
\inpenc@posthook=\toks16
)
(C:\Users\Utilisateur\Documents\latek_portable\jj_LaTeX_portable\latex_portable
\miktex\texmfs\install\tex/latex/base\fontenc.sty
Package: fontenc 2018/08/11 v2.0j Standard LaTeX package

(C:\Users\Utilisateur\Documents\latek_portable\jj_LaTeX_portable\latex_portable
\miktex\texmfs\install\tex/latex/base\t1enc.def
File: t1enc.def 2018/08/11 v2.0j Standard LaTeX file
LaTeX Font Info:    Redeclaring font encoding T1 on input line 48.
))
(C:\Users\Utilisateur\Documents\latek_portable\jj_LaTeX_portable\latex_portable
\miktex\texmfs\install\tex/generic/babel\babel.sty
Package: babel 2018/11/13 3.27 The Babel package

(C:\Users\Utilisateur\Documents\latek_portable\jj_LaTeX_portable\latex_portable
\miktex\texmfs\install\tex/generic/babel\switch.def
File: switch.def 2018/11/13 3.27 Babel switching mechanism
)
*************************************
* Local config file bblopts.cfg used
*

(C:\Users\Utilisateur\Documents\latek_portable\jj_LaTeX_portable\latex_portable
\miktex\texmfs\install\tex/latex/arabi\bblopts.cfg
File: bblopts.cfg 2005/09/08 v0.1 add Arabic and Farsi to "declared" options of
 babel
)
(C:\Users\Utilisateur\Documents\latek_portable\jj_LaTeX_portable\latex_portable
\miktex\texmfs\install\tex/generic/babel-french\french.ldf
Language: french 2018/09/14 v3.5c French support from the babel system

(C:\Users\Utilisateur\Documents\latek_portable\jj_LaTeX_portable\latex_portable
\miktex\texmfs\install\tex/generic/babel\babel.def
File: babel.def 2018/11/13 3.27 Babel common definitions
\babel@savecnt=\count90
\U@D=\dimen103

(C:\Users\Utilisateur\Documents\latek_portable\jj_LaTeX_portable\latex_portable
\miktex\texmfs\install\tex/generic/babel\txtbabel.def)
\bbl@dirlevel=\count91
)
\l@french = a dialect from \language\l@nohyphenation 


Package babel Warning: No hyphenation patterns were preloaded for
(babel)                the language `French' into the format.
(babel)                Please, configure your TeX system to add them and
(babel)                rebuild the format. Now I will use the patterns
(babel)                preloaded for \language=nohyphenation instead on input l
ine 87.

\l@acadian = a dialect from \language\l@french 
\FB@nonchar=\count92
Package babel Info: Making : an active character on input line 414.
Package babel Info: Making ; an active character on input line 415.
Package babel Info: Making ! an active character on input line 416.
Package babel Info: Making ? an active character on input line 417.
\FBguill@level=\count93
\FBold@everypar=\toks17
\FB@Mht=\dimen104
\mc@charclass=\count94
\mc@charfam=\count95
\mc@charslot=\count96
\std@mcc=\count97
\dec@mcc=\count98
\c@FBcaption@count=\count99
\listindentFB=\dimen105
\descindentFB=\dimen106
\labelindentFB=\dimen107
\labelwidthFB=\dimen108
\leftmarginFB=\dimen109
\parindentFFN=\dimen110
\FBfnindent=\dimen111
))
(C:\Users\Utilisateur\Documents\latek_portable\jj_LaTeX_portable\latex_portable
\miktex\texmfs\install\tex/latex/carlisle\scalefnt.sty)
(C:\Users\Utilisateur\Documents\latek_portable\jj_LaTeX_portable\latex_portable
\miktex\texmfs\install\tex/latex/lm\lmodern.sty
Package: lmodern 2009/10/30 v1.6 Latin Modern Fonts
LaTeX Font Info:    Overwriting symbol font `operators' in version `normal'
(Font)                  OT1/cmr/m/n --> OT1/lmr/m/n on input line 22.
LaTeX Font Info:    Overwriting symbol font `letters' in version `normal'
(Font)                  OML/cmm/m/it --> OML/lmm/m/it on input line 23.
LaTeX Font Info:    Overwriting symbol font `symbols' in version `normal'
(Font)                  OMS/cmsy/m/n --> OMS/lmsy/m/n on input line 24.
LaTeX Font Info:    Overwriting symbol font `largesymbols' in version `normal'
(Font)                  OMX/cmex/m/n --> OMX/lmex/m/n on input line 25.
LaTeX Font Info:    Overwriting symbol font `operators' in version `bold'
(Font)                  OT1/cmr/bx/n --> OT1/lmr/bx/n on input line 26.
LaTeX Font Info:    Overwriting symbol font `letters' in version `bold'
(Font)                  OML/cmm/b/it --> OML/lmm/b/it on input line 27.
LaTeX Font Info:    Overwriting symbol font `symbols' in version `bold'
(Font)                  OMS/cmsy/b/n --> OMS/lmsy/b/n on input line 28.
LaTeX Font Info:    Overwriting symbol font `largesymbols' in version `bold'
(Font)                  OMX/cmex/m/n --> OMX/lmex/m/n on input line 29.
LaTeX Font Info:    Overwriting math alphabet `\mathbf' in version `normal'
(Font)                  OT1/cmr/bx/n --> OT1/lmr/bx/n on input line 31.
LaTeX Font Info:    Overwriting math alphabet `\mathsf' in version `normal'
(Font)                  OT1/cmss/m/n --> OT1/lmss/m/n on input line 32.
LaTeX Font Info:    Overwriting math alphabet `\mathit' in version `normal'
(Font)                  OT1/cmr/m/it --> OT1/lmr/m/it on input line 33.
LaTeX Font Info:    Overwriting math alphabet `\mathtt' in version `normal'
(Font)                  OT1/cmtt/m/n --> OT1/lmtt/m/n on input line 34.
LaTeX Font Info:    Overwriting math alphabet `\mathbf' in version `bold'
(Font)                  OT1/cmr/bx/n --> OT1/lmr/bx/n on input line 35.
LaTeX Font Info:    Overwriting math alphabet `\mathsf' in version `bold'
(Font)                  OT1/cmss/bx/n --> OT1/lmss/bx/n on input line 36.
LaTeX Font Info:    Overwriting math alphabet `\mathit' in version `bold'
(Font)                  OT1/cmr/bx/it --> OT1/lmr/bx/it on input line 37.
LaTeX Font Info:    Overwriting math alphabet `\mathtt' in version `bold'
(Font)                  OT1/cmtt/m/n --> OT1/lmtt/m/n on input line 38.
)
(C:\Users\Utilisateur\Documents\latek_portable\jj_LaTeX_portable\latex_portable
\miktex\texmfs\install\tex/latex/graphics\graphicx.sty
Package: graphicx 2017/06/01 v1.1a Enhanced LaTeX Graphics (DPC,SPQR)

(C:\Users\Utilisateur\Documents\latek_portable\jj_LaTeX_portable\latex_portable
\miktex\texmfs\install\tex/latex/graphics\graphics.sty
Package: graphics 2017/06/25 v1.2c Standard LaTeX Graphics (DPC,SPQR)

(C:\Users\Utilisateur\Documents\latek_portable\jj_LaTeX_portable\latex_portable
\miktex\texmfs\install\tex/latex/graphics\trig.sty
Package: trig 2016/01/03 v1.10 sin cos tan (DPC)
)
(C:\Users\Utilisateur\Documents\latek_portable\jj_LaTeX_portable\latex_portable
\miktex\texmfs\install\tex/latex/graphics-cfg\graphics.cfg
File: graphics.cfg 2016/06/04 v1.11 sample graphics configuration
)
Package graphics Info: Driver file: pdftex.def on input line 99.

(C:\Users\Utilisateur\Documents\latek_portable\jj_LaTeX_portable\latex_portable
\miktex\texmfs\install\tex/latex/graphics-def\pdftex.def
File: pdftex.def 2018/01/08 v1.0l Graphics/color driver for pdftex
))
\Gin@req@height=\dimen112
\Gin@req@width=\dimen113
)
(C:\Users\Utilisateur\Documents\latek_portable\jj_LaTeX_portable\latex_portable
\miktex\texmfs\install\tex/latex/hyperref\hyperref.sty
Package: hyperref 2018/11/30 v6.88e Hypertext links for LaTeX

(C:\Users\Utilisateur\Documents\latek_portable\jj_LaTeX_portable\latex_portable
\miktex\texmfs\install\tex/generic/oberdiek\hobsub-hyperref.sty
Package: hobsub-hyperref 2016/05/16 v1.14 Bundle oberdiek, subset hyperref (HO)


(C:\Users\Utilisateur\Documents\latek_portable\jj_LaTeX_portable\latex_portable
\miktex\texmfs\install\tex/generic/oberdiek\hobsub-generic.sty
Package: hobsub-generic 2016/05/16 v1.14 Bundle oberdiek, subset generic (HO)
Package: hobsub 2016/05/16 v1.14 Construct package bundles (HO)
Package: infwarerr 2016/05/16 v1.4 Providing info/warning/error messages (HO)
Package: ltxcmds 2016/05/16 v1.23 LaTeX kernel commands for general use (HO)
Package: ifluatex 2016/05/16 v1.4 Provides the ifluatex switch (HO)
Package ifluatex Info: LuaTeX not detected.
Package: ifvtex 2016/05/16 v1.6 Detect VTeX and its facilities (HO)
Package ifvtex Info: VTeX not detected.
Package: intcalc 2016/05/16 v1.2 Expandable calculations with integers (HO)
Package: ifpdf 2018/09/07 v3.3 Provides the ifpdf switch
Package: etexcmds 2016/05/16 v1.6 Avoid name clashes with e-TeX commands (HO)
Package: kvsetkeys 2016/05/16 v1.17 Key value parser (HO)
Package: kvdefinekeys 2016/05/16 v1.4 Define keys (HO)
Package: pdftexcmds 2018/09/10 v0.29 Utility functions of pdfTeX for LuaTeX (HO
)
Package pdftexcmds Info: LuaTeX not detected.
Package pdftexcmds Info: \pdf@primitive is available.
Package pdftexcmds Info: \pdf@ifprimitive is available.
Package pdftexcmds Info: \pdfdraftmode found.
Package: pdfescape 2016/05/16 v1.14 Implements pdfTeX's escape features (HO)
Package: bigintcalc 2016/05/16 v1.4 Expandable calculations on big integers (HO
)
Package: bitset 2016/05/16 v1.2 Handle bit-vector datatype (HO)
Package: uniquecounter 2016/05/16 v1.3 Provide unlimited unique counter (HO)
)
Package hobsub Info: Skipping package `hobsub' (already loaded).
Package: letltxmacro 2016/05/16 v1.5 Let assignment for LaTeX macros (HO)
Package: hopatch 2016/05/16 v1.3 Wrapper for package hooks (HO)
Package: xcolor-patch 2016/05/16 xcolor patch
Package: atveryend 2016/05/16 v1.9 Hooks at the very end of document (HO)
Package atveryend Info: \enddocument detected (standard20110627).
Package: atbegshi 2016/06/09 v1.18 At begin shipout hook (HO)
Package: refcount 2016/05/16 v3.5 Data extraction from label references (HO)
Package: hycolor 2016/05/16 v1.8 Color options for hyperref/bookmark (HO)
)
(C:\Users\Utilisateur\Documents\latek_portable\jj_LaTeX_portable\latex_portable
\miktex\texmfs\install\tex/generic/ifxetex\ifxetex.sty
Package: ifxetex 2010/09/12 v0.6 Provides ifxetex conditional
)
(C:\Users\Utilisateur\Documents\latek_portable\jj_LaTeX_portable\latex_portable
\miktex\texmfs\install\tex/latex/oberdiek\auxhook.sty
Package: auxhook 2016/05/16 v1.4 Hooks for auxiliary files (HO)
)
(C:\Users\Utilisateur\Documents\latek_portable\jj_LaTeX_portable\latex_portable
\miktex\texmfs\install\tex/latex/oberdiek\kvoptions.sty
Package: kvoptions 2016/05/16 v3.12 Key value format for package options (HO)
)
\@linkdim=\dimen114
\Hy@linkcounter=\count100
\Hy@pagecounter=\count101

(C:\Users\Utilisateur\Documents\latek_portable\jj_LaTeX_portable\latex_portable
\miktex\texmfs\install\tex/latex/hyperref\pd1enc.def
File: pd1enc.def 2018/11/30 v6.88e Hyperref: PDFDocEncoding definition (HO)
Now handling font encoding PD1 ...
... no UTF-8 mapping file for font encoding PD1
)
\Hy@SavedSpaceFactor=\count102

(C:\Users\Utilisateur\Documents\latek_portable\jj_LaTeX_portable\latex_portable
\miktex\texmfs\install\tex/latex/00miktex\hyperref.cfg
File: hyperref.cfg 2002/06/06 v1.2 hyperref configuration of TeXLive
)
Package hyperref Info: Hyper figures OFF on input line 4519.
Package hyperref Info: Link nesting OFF on input line 4524.
Package hyperref Info: Hyper index ON on input line 4527.
Package hyperref Info: Plain pages OFF on input line 4534.
Package hyperref Info: Backreferencing OFF on input line 4539.
Package hyperref Info: Implicit mode ON; LaTeX internals redefined.
Package hyperref Info: Bookmarks ON on input line 4772.
\c@Hy@tempcnt=\count103

(C:\Users\Utilisateur\Documents\latek_portable\jj_LaTeX_portable\latex_portable
\miktex\texmfs\install\tex/latex/url\url.sty
\Urlmuskip=\muskip10
Package: url 2013/09/16  ver 3.4  Verb mode for urls, etc.
)
LaTeX Info: Redefining \url on input line 5125.
\XeTeXLinkMargin=\dimen115
\Fld@menulength=\count104
\Field@Width=\dimen116
\Fld@charsize=\dimen117
Package hyperref Info: Hyper figures OFF on input line 6380.
Package hyperref Info: Link nesting OFF on input line 6385.
Package hyperref Info: Hyper index ON on input line 6388.
Package hyperref Info: backreferencing OFF on input line 6395.
Package hyperref Info: Link coloring OFF on input line 6400.
Package hyperref Info: Link coloring with OCG OFF on input line 6405.
Package hyperref Info: PDF/A mode OFF on input line 6410.
LaTeX Info: Redefining \ref on input line 6450.
LaTeX Info: Redefining \pageref on input line 6454.
\Hy@abspage=\count105
\c@Item=\count106
\c@Hfootnote=\count107
)
Package hyperref Info: Driver (autodetected): hpdftex.

(C:\Users\Utilisateur\Documents\latek_portable\jj_LaTeX_portable\latex_portable
\miktex\texmfs\install\tex/latex/hyperref\hpdftex.def
File: hpdftex.def 2018/11/30 v6.88e Hyperref driver for pdfTeX
\Fld@listcount=\count108
\c@bookmark@seq@number=\count109

(C:\Users\Utilisateur\Documents\latek_portable\jj_LaTeX_portable\latex_portable
\miktex\texmfs\install\tex/latex/oberdiek\rerunfilecheck.sty
Package: rerunfilecheck 2016/05/16 v1.8 Rerun checks for auxiliary files (HO)
Package uniquecounter Info: New unique counter `rerunfilecheck' on input line 2
82.
)
\Hy@SectionHShift=\skip58
)
Package hyperref Info: Option `colorlinks' set `true' on input line 25.

(C:\Users\Utilisateur\Documents\latek_portable\jj_LaTeX_portable\latex_portable
\miktex\texmfs\install\tex/latex/cleveref\cleveref.sty
Package: cleveref 2018/03/27 v0.21.4 Intelligent cross-referencing
Package cleveref Info: `hyperref' support loaded on input line 2370.
LaTeX Info: Redefining \cref on input line 2370.
LaTeX Info: Redefining \Cref on input line 2370.
LaTeX Info: Redefining \crefrange on input line 2370.
LaTeX Info: Redefining \Crefrange on input line 2370.
LaTeX Info: Redefining \cpageref on input line 2370.
LaTeX Info: Redefining \Cpageref on input line 2370.
LaTeX Info: Redefining \cpagerefrange on input line 2370.
LaTeX Info: Redefining \Cpagerefrange on input line 2370.
LaTeX Info: Redefining \labelcref on input line 2370.
LaTeX Info: Redefining \labelcpageref on input line 2370.
)
LaTeX Font Info:    Try loading font information for T1+lmr on input line 57.

(C:\Users\Utilisateur\Documents\latek_portable\jj_LaTeX_portable\latex_portable
\miktex\texmfs\install\tex/latex/lm\t1lmr.fd
File: t1lmr.fd 2009/10/30 v1.6 Font defs for Latin Modern
)
Package typearea Info: These are the values describing the layout:
(typearea)             DIV  = 12
(typearea)             BCOR = 0.0pt
(typearea)             \paperwidth      = 597.50793pt
(typearea)              \textwidth      = 448.13095pt
(typearea)              DIV departure   = -14%
(typearea)              \evensidemargin = 27.31467pt
(typearea)              \oddsidemargin  = -22.47766pt
(typearea)             \paperheight     = 845.04694pt
(typearea)              \textheight     = 636.60028pt
(typearea)              \topmargin      = -39.24942pt
(typearea)              \headheight     = 17.0pt
(typearea)              \headsep        = 20.40001pt
(typearea)              \topskip        = 11.0pt
(typearea)              \footskip       = 47.6pt
(typearea)              \baselineskip   = 13.6pt
(typearea)              on input line 57.
 (Git.aux)
\openout1 = `Git.aux'.

LaTeX Font Info:    Checking defaults for OML/cmm/m/it on input line 152.
LaTeX Font Info:    ... okay on input line 152.
LaTeX Font Info:    Checking defaults for T1/cmr/m/n on input line 152.
LaTeX Font Info:    ... okay on input line 152.
LaTeX Font Info:    Checking defaults for OT1/cmr/m/n on input line 152.
LaTeX Font Info:    ... okay on input line 152.
LaTeX Font Info:    Checking defaults for OMS/cmsy/m/n on input line 152.
LaTeX Font Info:    ... okay on input line 152.
LaTeX Font Info:    Checking defaults for OMX/cmex/m/n on input line 152.
LaTeX Font Info:    ... okay on input line 152.
LaTeX Font Info:    Checking defaults for U/cmr/m/n on input line 152.
LaTeX Font Info:    ... okay on input line 152.
LaTeX Font Info:    Checking defaults for PD1/pdf/m/n on input line 152.
LaTeX Font Info:    ... okay on input line 152.
LaTeX Info: Redefining \degres on input line 152.
LaTeX Info: Redefining \dots on input line 152.
LaTeX Info: Redefining \up on input line 152.

(C:\Users\Utilisateur\Documents\latek_portable\jj_LaTeX_portable\latex_portable
\miktex\texmfs\install\tex/context/base/mkii\supp-pdf.mkii
[Loading MPS to PDF converter (version 2006.09.02).]
\scratchcounter=\count110
\scratchdimen=\dimen118
\scratchbox=\box29
\nofMPsegments=\count111
\nofMParguments=\count112
\everyMPshowfont=\toks18
\MPscratchCnt=\count113
\MPscratchDim=\dimen119
\MPnumerator=\count114
\makeMPintoPDFobject=\count115
\everyMPtoPDFconversion=\toks19
)
(C:\Users\Utilisateur\Documents\latek_portable\jj_LaTeX_portable\latex_portable
\miktex\texmfs\install\tex/latex/oberdiek\epstopdf-base.sty
Package: epstopdf-base 2016/05/15 v2.6 Base part for package epstopdf

(C:\Users\Utilisateur\Documents\latek_portable\jj_LaTeX_portable\latex_portable
\miktex\texmfs\install\tex/latex/oberdiek\grfext.sty
Package: grfext 2016/05/16 v1.2 Manage graphics extensions (HO)
)
Package epstopdf-base Info: Redefining graphics rule for `.eps' on input line 4
38.
Package grfext Info: Graphics extension search list:
(grfext)             [.png,.eps]
(grfext)             \AppendGraphicsExtensions on input line 456.
)
\AtBeginShipoutBox=\box30

(C:\Users\Utilisateur\Documents\latek_portable\jj_LaTeX_portable\latex_portable
\miktex\texmfs\install\tex/latex/graphics\color.sty
Package: color 2016/07/10 v1.1e Standard LaTeX Color (DPC)

(C:\Users\Utilisateur\Documents\latek_portable\jj_LaTeX_portable\latex_portable
\miktex\texmfs\install\tex/latex/graphics-cfg\color.cfg
File: color.cfg 2016/01/02 v1.6 sample color configuration
)
Package color Info: Driver file: pdftex.def on input line 147.
)
Package hyperref Info: Link coloring ON on input line 152.

(C:\Users\Utilisateur\Documents\latek_portable\jj_LaTeX_portable\latex_portable
\miktex\texmfs\install\tex/latex/hyperref\nameref.sty
Package: nameref 2016/05/21 v2.44 Cross-referencing by name of section

(C:\Users\Utilisateur\Documents\latek_portable\jj_LaTeX_portable\latex_portable
\miktex\texmfs\install\tex/generic/oberdiek\gettitlestring.sty
Package: gettitlestring 2016/05/16 v1.5 Cleanup title references (HO)
)
\c@section@level=\count116
)
LaTeX Info: Redefining \ref on input line 152.
LaTeX Info: Redefining \pageref on input line 152.
LaTeX Info: Redefining \nameref on input line 152.
 (Git.out)
(Git.out)
\@outlinefile=\write3
\openout3 = `Git.out'.

Class scrreprt Info: loading recommended package `bookmark'.
(scrreprt)           Using `bookmark' together with `hyperref' is recommended,
(scrreprt)           because of handling of possible bookmark level gaps.
(scrreprt)           You can avoid loading `bookmark' with KOMA-Script option
(scrreprt)           `bookmarkpackage=false' before \begin{document} and
(scrreprt)           you can avoid this message with `\usepackage{bookmark}'
(scrreprt)           before \begin{document} on input line 152.

(C:\Users\Utilisateur\Documents\latek_portable\jj_LaTeX_portable\latex_portable
\miktex\texmfs\install\tex/latex/oberdiek\bookmark.sty
Package: bookmark 2016/05/17 v1.26 PDF bookmarks (HO)

(C:\Users\Utilisateur\Documents\latek_portable\jj_LaTeX_portable\latex_portable
\miktex\texmfs\install\tex/latex/oberdiek\bkm-pdftex.def
File: bkm-pdftex.def 2016/05/17 v1.26 bookmark driver for pdfTeX (HO)
Package auxhook Info: \AddLineBeginMainAux comes a little late,
(auxhook)             because the main .aux file is already opened on input lin
e 164.
\BKM@id=\count117
))
LaTeX Font Info:    Try loading font information for T1+lmss on input line 167.


(C:\Users\Utilisateur\Documents\latek_portable\jj_LaTeX_portable\latex_portable
\miktex\texmfs\install\tex/latex/lm\t1lmss.fd
File: t1lmss.fd 2009/10/30 v1.6 Font defs for Latin Modern
)
LaTeX Font Info:    Try loading font information for OT1+lmr on input line 167.


(C:\Users\Utilisateur\Documents\latek_portable\jj_LaTeX_portable\latex_portable
\miktex\texmfs\install\tex/latex/lm\ot1lmr.fd
File: ot1lmr.fd 2009/10/30 v1.6 Font defs for Latin Modern
)
LaTeX Font Info:    Try loading font information for OML+lmm on input line 167.


(C:\Users\Utilisateur\Documents\latek_portable\jj_LaTeX_portable\latex_portable
\miktex\texmfs\install\tex/latex/lm\omllmm.fd
File: omllmm.fd 2009/10/30 v1.6 Font defs for Latin Modern
)
LaTeX Font Info:    Try loading font information for OMS+lmsy on input line 167
.

(C:\Users\Utilisateur\Documents\latek_portable\jj_LaTeX_portable\latex_portable
\miktex\texmfs\install\tex/latex/lm\omslmsy.fd
File: omslmsy.fd 2009/10/30 v1.6 Font defs for Latin Modern
)
LaTeX Font Info:    Try loading font information for OMX+lmex on input line 167
.

(C:\Users\Utilisateur\Documents\latek_portable\jj_LaTeX_portable\latex_portable
\miktex\texmfs\install\tex/latex/lm\omxlmex.fd
File: omxlmex.fd 2009/10/30 v1.6 Font defs for Latin Modern
)
LaTeX Font Info:    External font `lmex10' loaded for size
(Font)              <14.4> on input line 167.
LaTeX Font Info:    External font `lmex10' loaded for size
(Font)              <10> on input line 167.
LaTeX Font Info:    External font `lmex10' loaded for size
(Font)              <7> on input line 167.
 [1



{C:/Users/Utilisateur/Documents/latek_portable/jj_LaTeX_portable/latex_portable
/miktex/texmfs/data/pdftex/config/pdftex.map}] [2


] (Git.toc
Package cleveref Info: loaded `french' language definitions on input line 1.
LaTeX Font Info:    External font `lmex10' loaded for size
(Font)              <10.95> on input line 4.
LaTeX Font Info:    External font `lmex10' loaded for size
(Font)              <8> on input line 4.
LaTeX Font Info:    External font `lmex10' loaded for size
(Font)              <6> on input line 4.
 [3])
\tf@toc=\write4
\openout4 = `Git.toc'.

Package cleveref Info: loaded `french' language definitions on input line 176.
 [4]
chapter without number
LaTeX Font Info:    Try loading font information for T1+lmtt on input line 180.


(C:\Users\Utilisateur\Documents\latek_portable\jj_LaTeX_portable\latex_portable
\miktex\texmfs\install\tex/latex/lm\t1lmtt.fd
File: t1lmtt.fd 2009/10/30 v1.6 Font defs for Latin Modern
) [5


] [6


]
chapter 1.

Overfull \hbox (5.85606pt too wide) in paragraph at lines 202--205
[]\T1/lmr/m/sc/10.95 Git \T1/lmr/m/n/10.95 est un système de gestion de version
s, de l'anglais \T1/lmr/bx/n/10.95 V\T1/lmr/m/n/10.95 ersion \T1/lmr/bx/n/10.95
 C\T1/lmr/m/n/10.95 ontrol \T1/lmr/bx/n/10.95 S\T1/lmr/m/n/10.95 ystem, communé
ment
 []

[7]
Overfull \hbox (9.48726pt too wide) in paragraph at lines 255--258
[]\T1/lmr/m/n/10.95 En comparaison, les interfaces graphiques proposent un aspe
ct et un fonctionnement spécifiques
 []


Overfull \hbox (16.09215pt too wide) in paragraph at lines 277--279
[]\T1/lmr/m/n/10.95 Le fichier \T1/lmtt/m/n/10.95 /etc/gitconfig \T1/lmr/m/n/10
.95 définit la configuration globale de \T1/lmr/m/sc/10.95 Git\T1/lmr/m/n/10.95
 , destinée à tous les utilisateurs.
 []

Package cleveref Info: loaded `french' language definitions on input line 326.
[8]
Package cleveref Info: loaded `french' language definitions on input line 345.
 [9] [10


]
chapter 2.

Overfull \hbox (1.9128pt too wide) in paragraph at lines 384--386
[]\T1/lmr/m/n/10.95 Admettons que le dépôt à cloner soit \T1/lmtt/m/n/10.95 htt
ps://github.com/libgit2/libgit2\T1/lmr/m/n/10.95 . La commande
 []

[11] [12


]
chapter 3.
[13]
Package cleveref Info: loaded `french' language definitions on input line 547.
 [14]
Overfull \hbox (10.48058pt too wide) in paragraph at lines 576--577
[]\T1/lmr/m/n/10.95 La commande []\T1/lmtt/m/n/10.95 git commit [-v] \T1/lmr/m/
n/10.95 lance l'éditeur défini dans le configuration \T1/lmr/m/sc/10.95 Git \T1
/lmr/m/n/10.95 pour permettre
 []

Package cleveref Info: loaded `french' language definitions on input line 617.
[15]
Overfull \hbox (16.37897pt too wide) in paragraph at lines 644--646
[]\T1/lmr/m/n/10.95 La commande []\T1/lmtt/m/n/10.95 git mv nom_origine nom_cib
le \T1/lmr/m/n/10.95 renomme le fichier \T1/lmtt/m/n/10.95 nom_origine \T1/lmr/
m/n/10.95 en \T1/lmtt/m/n/10.95 nom_cible\T1/lmr/m/n/10.95 .
 []

Package cleveref Info: loaded `french' language definitions on input line 693.
[16]
Overfull \hbox (11.82878pt too wide) in paragraph at lines 720--721
[][]\T1/lmtt/m/n/10.95 git checkout -- nomFichier \T1/lmr/m/n/10.95 : restaurat
ion du fichier à la version de l'index (la commande
 []


Overfull \hbox (4.86389pt too wide) in paragraph at lines 730--731
[]\T1/lmr/m/n/10.95 Il faut créer un nouveau []\T1/lmtt/m/n/10.95 commit \T1/lm
r/m/n/10.95 qui annule les changements du []\T1/lmtt/m/n/10.95 commit \T1/lmr/m
/n/10.95 erroné. Deux exemples : 
 []


Overfull \hbox (14.07898pt too wide) in paragraph at lines 733--734
[]\T1/lmr/m/n/10.95 la commande []\T1/lmtt/m/n/10.95 git revert HEAD^ \T1/lmr/m
/n/10.95 annule les changements de l'avant dernier []\T1/lmtt/m/n/10.95 commit 
(HEAD^)
 []


Overfull \hbox (4.34541pt too wide) in paragraph at lines 763--764
[]\T1/lmr/m/n/10.95 La commande []\T1/lmtt/m/n/10.95 git remote add pb https://
github.com/pailboone/ticgit \T1/lmr/m/n/10.95 associe le nom
 []


Overfull \hbox (8.57278pt too wide) in paragraph at lines 771--772
[]\T1/lmr/m/n/10.95 La commande []\T1/lmtt/m/n/10.95 git remote show nonDistant
 \T1/lmr/m/n/10.95 affiche un récapitulatif complet des informations
 []

Package cleveref Info: loaded `french' language definitions on input line 777.
[17]
Overfull \hbox (0.87827pt too wide) in paragraph at lines 814--815
[]\T1/lmr/m/n/10.95 La commande []\T1/lmtt/m/n/10.95 git push origin master \T1
/lmr/m/n/10.95 envoie les modifications de la branche locale []\T1/lmtt/m/n/10.
95 master
 []

Package cleveref Info: loaded `french' language definitions on input line 855.
[18]
Overfull \hbox (6.41425pt too wide) in paragraph at lines 902--904
[]\T1/lmr/m/n/10.95 L'alias []\T1/lmtt/m/n/10.95 git config --global alias.last
 'log -1 HEAD' \T1/lmr/m/n/10.95 affiche le dernier \T1/lmtt/m/n/10.95 commit\T
1/lmr/m/n/10.95 . L'appel
 []

Package cleveref Info: loaded `french' language definitions on input line 915.
[19] [20


]
chapter 4.

Overfull \hbox (7.23584pt too wide) in paragraph at lines 964--965
[][]\T1/lmtt/m/n/10.95 git commit -m "Modification premier fichier" \T1/lmr/m/n
/10.95 : valider la version modifiée du fichier 
 []

[21]
Package atveryend Info: Empty hook `BeforeClearDocument' on input line 1008.
Package cleveref Info: loaded `french' language definitions on input line 1008.

 [22]
Package atveryend Info: Empty hook `AfterLastShipout' on input line 1008.
 (Git.aux
Package cleveref Info: loaded `french' language definitions on input line 25.
)
Package atveryend Info: Executing hook `AtVeryEndDocument' on input line 1008.
Package atveryend Info: Executing hook `AtEndAfterFileList' on input line 1008.

Package rerunfilecheck Info: File `Git.out' has not changed.
(rerunfilecheck)             Checksum: D41D8CD98F00B204E9800998ECF8427E;0.
Package atveryend Info: Empty hook `AtVeryVeryEnd' on input line 1008.
 ) 
Here is how much of TeX's memory you used:
 11012 strings out of 494846
 197892 string characters out of 3178684
 445078 words of memory out of 3000000
 14407 multiletter control sequences out of 15000+200000
 74092 words of font info for 52 fonts, out of 3000000 for 9000
 14 hyphenation exceptions out of 8191
 41i,9n,66p,9084b,943s stack positions out of 5000i,500n,10000p,200000b,50000s
{C:/Users/Utilisateur/Documents/latek_portable/jj_LaTeX_portable/latex_portab
le/miktex/texmfs/install/fonts/enc/dvips/lm/lm-ec.enc}<C:/Users/Utilisateur/Doc
uments/latek_portable/jj_LaTeX_portable/latex_portable/miktex/texmfs/install/fo
nts/type1/public/lm/lmbx10.pfb><C:/Users/Utilisateur/Documents/latek_portable/j
j_LaTeX_portable/latex_portable/miktex/texmfs/install/fonts/type1/public/lm/lmc
sc10.pfb><C:/Users/Utilisateur/Documents/latek_portable/jj_LaTeX_portable/latex
_portable/miktex/texmfs/install/fonts/type1/public/lm/lmr10.pfb><C:/Users/Utili
sateur/Documents/latek_portable/jj_LaTeX_portable/latex_portable/miktex/texmfs/
install/fonts/type1/public/lm/lmr12.pfb><C:/Users/Utilisateur/Documents/latek_p
ortable/jj_LaTeX_portable/latex_portable/miktex/texmfs/install/fonts/type1/publ
ic/lm/lmr8.pfb><C:/Users/Utilisateur/Documents/latek_portable/jj_LaTeX_portable
/latex_portable/miktex/texmfs/install/fonts/type1/public/lm/lmr9.pfb><C:/Users/
Utilisateur/Documents/latek_portable/jj_LaTeX_portable/latex_portable/miktex/te
xmfs/install/fonts/type1/public/lm/lmri10.pfb><C:/Users/Utilisateur/Documents/l
atek_portable/jj_LaTeX_portable/latex_portable/miktex/texmfs/install/fonts/type
1/public/lm/lmro10.pfb><C:/Users/Utilisateur/Documents/latek_portable/jj_LaTeX_
portable/latex_portable/miktex/texmfs/install/fonts/type1/public/lm/lmssbx10.pf
b><C:/Users/Utilisateur/Documents/latek_portable/jj_LaTeX_portable/latex_portab
le/miktex/texmfs/install/fonts/type1/public/lm/lmtt10.pfb>
Output written on Git.pdf (22 pages, 324167 bytes).
PDF statistics:
 507 PDF objects out of 1000 (max. 8388607)
 138 named destinations out of 1000 (max. 500000)
 441 words of extra memory for PDF output out of 10000 (max. 10000000)

